{
 "cells": [
  {
   "cell_type": "markdown",
   "id": "d0af1858-1c47-4c03-b2b5-a74915c7df3e",
   "metadata": {},
   "source": [
    "# Задание 2"
   ]
  },
  {
   "cell_type": "markdown",
   "id": "81b79568-4a92-4c30-8702-462f4f540a30",
   "metadata": {},
   "source": [
    "### Инициализация окружения\n",
    "В качестве документации для задания 2 выступает данный документ Jupyter Notebook. В нём записаны все скрипты и SQL-запросы, касающиеся пунктов 2.1 и 2.2.\n",
    "\n",
    "venv для данного задания и задания 3 одинаковый, поэтому на данном этапе можно задействовать некоторые из необходимых далее библиотек."
   ]
  },
  {
   "cell_type": "code",
   "execution_count": null,
   "id": "85af75a4-704e-4ede-a5ae-2776203135b6",
   "metadata": {},
   "outputs": [],
   "source": [
    "%pip install sqlalchemy psycopg2-binary pandas"
   ]
  },
  {
   "cell_type": "markdown",
   "id": "56777f4b",
   "metadata": {},
   "source": [
    "Далее следует создать соединение к базе данных, через которое будут протестированы все последующие запросы.\n",
    "Необходимые данные для соединения с БД должны браться хотя бы из .env-файла, но в рамках Jupyter Notebook все параметры внесены в отдельный словарь."
   ]
  },
  {
   "cell_type": "code",
   "execution_count": 1,
   "id": "83750e39",
   "metadata": {},
   "outputs": [
    {
     "data": {
      "text/plain": [
       "False"
      ]
     },
     "execution_count": 1,
     "metadata": {},
     "output_type": "execute_result"
    }
   ],
   "source": [
    "import pandas as pd\n",
    "from sqlalchemy import create_engine\n",
    "\n",
    "# Параметры подключения к БД\n",
    "DB_CONFIG = {\n",
    "    'drivername': 'postgresql',\n",
    "    'username': 'postgres',\n",
    "    'password': 'postgres',\n",
    "    'host': 'localhost',\n",
    "    'port': '5432',\n",
    "    'database': 'main_db'\n",
    "}\n",
    "\n",
    "# Создаём движок SQLAlchemy\n",
    "engine = create_engine(\n",
    "            f\"{DB_CONFIG['drivername']}://{DB_CONFIG['username']}:{DB_CONFIG['password']}@\"\n",
    "            f\"{DB_CONFIG['host']}:{DB_CONFIG['port']}/{DB_CONFIG['database']}\"\n",
    "        )\n",
    "# Создаём соединение с БД на основе движка\n",
    "db_connection = engine.connect()\n",
    "db_connection.closed # Если выведен False, то соединение настроено"
   ]
  },
  {
   "cell_type": "markdown",
   "id": "c30d8041",
   "metadata": {},
   "source": [
    "### Задание 2.1.\n",
    "Для данного задания необходимо получить информацию о сумме товаров, заказанных под каждого клиента.\n",
    "\n",
    "Получение суммы реализовано через последовательность запросов JOIN вместе с функцией COALESCE, позволяющей вывести сумму 0 в случае отсутствия заказов у данного клиента.\n",
    "Вместо обычного JOIN используется LEFT JOIN для включения в вывод клиентов, которые ещё не сделали ни одного заказа."
   ]
  },
  {
   "cell_type": "code",
   "execution_count": 2,
   "id": "35f52ccb",
   "metadata": {},
   "outputs": [
    {
     "data": {
      "text/html": [
       "<div>\n",
       "<style scoped>\n",
       "    .dataframe tbody tr th:only-of-type {\n",
       "        vertical-align: middle;\n",
       "    }\n",
       "\n",
       "    .dataframe tbody tr th {\n",
       "        vertical-align: top;\n",
       "    }\n",
       "\n",
       "    .dataframe thead th {\n",
       "        text-align: right;\n",
       "    }\n",
       "</style>\n",
       "<table border=\"1\" class=\"dataframe\">\n",
       "  <thead>\n",
       "    <tr style=\"text-align: right;\">\n",
       "      <th></th>\n",
       "      <th>client_name</th>\n",
       "      <th>total_amount</th>\n",
       "    </tr>\n",
       "  </thead>\n",
       "  <tbody>\n",
       "    <tr>\n",
       "      <th>0</th>\n",
       "      <td>Козлова Ирина Петровна</td>\n",
       "      <td>29</td>\n",
       "    </tr>\n",
       "    <tr>\n",
       "      <th>1</th>\n",
       "      <td>Кузнецов Алексей Викторович</td>\n",
       "      <td>29</td>\n",
       "    </tr>\n",
       "    <tr>\n",
       "      <th>2</th>\n",
       "      <td>Захаров Сергей Викторович</td>\n",
       "      <td>29</td>\n",
       "    </tr>\n",
       "    <tr>\n",
       "      <th>3</th>\n",
       "      <td>Петров Петр Петрович</td>\n",
       "      <td>23</td>\n",
       "    </tr>\n",
       "    <tr>\n",
       "      <th>4</th>\n",
       "      <td>Смирнова Ольга Владимировна</td>\n",
       "      <td>20</td>\n",
       "    </tr>\n",
       "    <tr>\n",
       "      <th>5</th>\n",
       "      <td>Иванов Иван Иванович</td>\n",
       "      <td>17</td>\n",
       "    </tr>\n",
       "    <tr>\n",
       "      <th>6</th>\n",
       "      <td>Волков Андрей Сергеевич</td>\n",
       "      <td>13</td>\n",
       "    </tr>\n",
       "    <tr>\n",
       "      <th>7</th>\n",
       "      <td>Сидорова Мария Сергеевна</td>\n",
       "      <td>8</td>\n",
       "    </tr>\n",
       "    <tr>\n",
       "      <th>8</th>\n",
       "      <td>Николаева Екатерина Александровна</td>\n",
       "      <td>2</td>\n",
       "    </tr>\n",
       "    <tr>\n",
       "      <th>9</th>\n",
       "      <td>Федоров Дмитрий Николаевич</td>\n",
       "      <td>0</td>\n",
       "    </tr>\n",
       "  </tbody>\n",
       "</table>\n",
       "</div>"
      ],
      "text/plain": [
       "                         client_name  total_amount\n",
       "0             Козлова Ирина Петровна            29\n",
       "1        Кузнецов Алексей Викторович            29\n",
       "2          Захаров Сергей Викторович            29\n",
       "3               Петров Петр Петрович            23\n",
       "4        Смирнова Ольга Владимировна            20\n",
       "5               Иванов Иван Иванович            17\n",
       "6            Волков Андрей Сергеевич            13\n",
       "7           Сидорова Мария Сергеевна             8\n",
       "8  Николаева Екатерина Александровна             2\n",
       "9         Федоров Дмитрий Николаевич             0"
      ]
     },
     "execution_count": 2,
     "metadata": {},
     "output_type": "execute_result"
    }
   ],
   "source": [
    "task_2_1_query = \"\"\"\n",
    "SELECT \n",
    "    c.name AS client_name,\n",
    "    COALESCE(SUM(og.amount), 0) AS total_amount\n",
    "FROM Clients c\n",
    "LEFT JOIN Orders o ON o.client_id = c.id\n",
    "LEFT JOIN Ordered_goods og ON og.order_id = o.id\n",
    "LEFT JOIN Goods g ON g.id = og.good_id\n",
    "GROUP BY c.id, c.name\n",
    "ORDER BY total_amount DESC;\n",
    "\"\"\"\n",
    "\n",
    "# Выполняем запрос на получения данных из БД\n",
    "df = pd.read_sql(task_2_1_query, engine)\n",
    "df"
   ]
  },
  {
   "cell_type": "markdown",
   "id": "ddf46144",
   "metadata": {},
   "source": [
    "При этом может потребоваться информация о суммарной стоимости всех заказанных товарах, которое получается простой заменой выражения внутри функции SUM."
   ]
  },
  {
   "cell_type": "code",
   "execution_count": 15,
   "id": "d1e5d9e1",
   "metadata": {},
   "outputs": [
    {
     "data": {
      "text/html": [
       "<div>\n",
       "<style scoped>\n",
       "    .dataframe tbody tr th:only-of-type {\n",
       "        vertical-align: middle;\n",
       "    }\n",
       "\n",
       "    .dataframe tbody tr th {\n",
       "        vertical-align: top;\n",
       "    }\n",
       "\n",
       "    .dataframe thead th {\n",
       "        text-align: right;\n",
       "    }\n",
       "</style>\n",
       "<table border=\"1\" class=\"dataframe\">\n",
       "  <thead>\n",
       "    <tr style=\"text-align: right;\">\n",
       "      <th></th>\n",
       "      <th>client_name</th>\n",
       "      <th>total_cost</th>\n",
       "    </tr>\n",
       "  </thead>\n",
       "  <tbody>\n",
       "    <tr>\n",
       "      <th>0</th>\n",
       "      <td>Козлова Ирина Петровна</td>\n",
       "      <td>1817971.9</td>\n",
       "    </tr>\n",
       "    <tr>\n",
       "      <th>1</th>\n",
       "      <td>Кузнецов Алексей Викторович</td>\n",
       "      <td>1794971.9</td>\n",
       "    </tr>\n",
       "    <tr>\n",
       "      <th>2</th>\n",
       "      <td>Захаров Сергей Викторович</td>\n",
       "      <td>1731471.9</td>\n",
       "    </tr>\n",
       "    <tr>\n",
       "      <th>3</th>\n",
       "      <td>Петров Петр Петрович</td>\n",
       "      <td>1335977.9</td>\n",
       "    </tr>\n",
       "    <tr>\n",
       "      <th>4</th>\n",
       "      <td>Смирнова Ольга Владимировна</td>\n",
       "      <td>1187480.9</td>\n",
       "    </tr>\n",
       "    <tr>\n",
       "      <th>5</th>\n",
       "      <td>Иванов Иван Иванович</td>\n",
       "      <td>830484.8</td>\n",
       "    </tr>\n",
       "    <tr>\n",
       "      <th>6</th>\n",
       "      <td>Волков Андрей Сергеевич</td>\n",
       "      <td>804987.9</td>\n",
       "    </tr>\n",
       "    <tr>\n",
       "      <th>7</th>\n",
       "      <td>Сидорова Мария Сергеевна</td>\n",
       "      <td>449992.0</td>\n",
       "    </tr>\n",
       "    <tr>\n",
       "      <th>8</th>\n",
       "      <td>Николаева Екатерина Александровна</td>\n",
       "      <td>128998.0</td>\n",
       "    </tr>\n",
       "    <tr>\n",
       "      <th>9</th>\n",
       "      <td>Федоров Дмитрий Николаевич</td>\n",
       "      <td>0.0</td>\n",
       "    </tr>\n",
       "  </tbody>\n",
       "</table>\n",
       "</div>"
      ],
      "text/plain": [
       "                         client_name  total_cost\n",
       "0             Козлова Ирина Петровна   1817971.9\n",
       "1        Кузнецов Алексей Викторович   1794971.9\n",
       "2          Захаров Сергей Викторович   1731471.9\n",
       "3               Петров Петр Петрович   1335977.9\n",
       "4        Смирнова Ольга Владимировна   1187480.9\n",
       "5               Иванов Иван Иванович    830484.8\n",
       "6            Волков Андрей Сергеевич    804987.9\n",
       "7           Сидорова Мария Сергеевна    449992.0\n",
       "8  Николаева Екатерина Александровна    128998.0\n",
       "9         Федоров Дмитрий Николаевич         0.0"
      ]
     },
     "execution_count": 15,
     "metadata": {},
     "output_type": "execute_result"
    }
   ],
   "source": [
    "# Заменяем выражение внутри функции SUM\n",
    "sum_price_query = task_2_1_query.replace(\"SUM(og.amount)\", \"SUM(g.price * og.amount)\")\n",
    "\n",
    "# Заменяем все упоминания total_amount на total_cost\n",
    "sum_price_query = sum_price_query.replace(\"total_amount\", \"total_cost\")\n",
    "\n",
    "df = pd.read_sql(sum_price_query, engine)\n",
    "df"
   ]
  },
  {
   "cell_type": "markdown",
   "id": "5ab9dac6",
   "metadata": {},
   "source": [
    "### Задание 2.2.\n",
    "Необходимо написать запрос на поиск количества дочерних элементов первого уровня вложенности для категорий номенклатуры.\n",
    "\n",
    "Поскольку при выполнении данного задания используется PostgreSQL с расширением ltree, в запросах применяются соответствующие инструменты поиска элементов по дереву. Хотя это решение не универсально среди всех реляционных СУБД, в данных условиях оно наиболее оптимальное.\n",
    "\n",
    "***Комментарии к запросу***\n",
    "1. *LEFT JOIN* используется, опять же, для вывода элементов первого уровня без дочерних подэлементов.\n",
    "2. Условие \"*ON c2.path <@ c1.path*\" возвращает True в случае иерархической принадлежности текущего элемента из таблицы *Catalogue c2* данному корневому элементу из *c1*.\n",
    "3. Условие \"*AND nlevel(c2.path) = nlevel(c1.path) + 1*\" возвращает True, если текущий элемент из *c2* является подэлементом первого уровня вложенности для данной категории из *c1*."
   ]
  },
  {
   "cell_type": "code",
   "execution_count": 23,
   "id": "840378d8",
   "metadata": {},
   "outputs": [
    {
     "data": {
      "text/html": [
       "<div>\n",
       "<style scoped>\n",
       "    .dataframe tbody tr th:only-of-type {\n",
       "        vertical-align: middle;\n",
       "    }\n",
       "\n",
       "    .dataframe tbody tr th {\n",
       "        vertical-align: top;\n",
       "    }\n",
       "\n",
       "    .dataframe thead th {\n",
       "        text-align: right;\n",
       "    }\n",
       "</style>\n",
       "<table border=\"1\" class=\"dataframe\">\n",
       "  <thead>\n",
       "    <tr style=\"text-align: right;\">\n",
       "      <th></th>\n",
       "      <th>id</th>\n",
       "      <th>name</th>\n",
       "      <th>num_of_children</th>\n",
       "    </tr>\n",
       "  </thead>\n",
       "  <tbody>\n",
       "    <tr>\n",
       "      <th>0</th>\n",
       "      <td>1</td>\n",
       "      <td>Бытовая техника</td>\n",
       "      <td>3</td>\n",
       "    </tr>\n",
       "    <tr>\n",
       "      <th>1</th>\n",
       "      <td>8</td>\n",
       "      <td>Ноутбуки</td>\n",
       "      <td>2</td>\n",
       "    </tr>\n",
       "    <tr>\n",
       "      <th>2</th>\n",
       "      <td>2</td>\n",
       "      <td>Компьютеры</td>\n",
       "      <td>2</td>\n",
       "    </tr>\n",
       "    <tr>\n",
       "      <th>3</th>\n",
       "      <td>4</td>\n",
       "      <td>Холодильники</td>\n",
       "      <td>2</td>\n",
       "    </tr>\n",
       "    <tr>\n",
       "      <th>4</th>\n",
       "      <td>11</td>\n",
       "      <td>Моноблоки</td>\n",
       "      <td>0</td>\n",
       "    </tr>\n",
       "    <tr>\n",
       "      <th>5</th>\n",
       "      <td>9</td>\n",
       "      <td>17'</td>\n",
       "      <td>0</td>\n",
       "    </tr>\n",
       "    <tr>\n",
       "      <th>6</th>\n",
       "      <td>5</td>\n",
       "      <td>однокамерные</td>\n",
       "      <td>0</td>\n",
       "    </tr>\n",
       "    <tr>\n",
       "      <th>7</th>\n",
       "      <td>3</td>\n",
       "      <td>Стиральные машины</td>\n",
       "      <td>0</td>\n",
       "    </tr>\n",
       "    <tr>\n",
       "      <th>8</th>\n",
       "      <td>10</td>\n",
       "      <td>19'</td>\n",
       "      <td>0</td>\n",
       "    </tr>\n",
       "    <tr>\n",
       "      <th>9</th>\n",
       "      <td>6</td>\n",
       "      <td>двухкамерные</td>\n",
       "      <td>0</td>\n",
       "    </tr>\n",
       "    <tr>\n",
       "      <th>10</th>\n",
       "      <td>7</td>\n",
       "      <td>Телевизоры</td>\n",
       "      <td>0</td>\n",
       "    </tr>\n",
       "  </tbody>\n",
       "</table>\n",
       "</div>"
      ],
      "text/plain": [
       "    id               name  num_of_children\n",
       "0    1    Бытовая техника                3\n",
       "1    8           Ноутбуки                2\n",
       "2    2         Компьютеры                2\n",
       "3    4       Холодильники                2\n",
       "4   11          Моноблоки                0\n",
       "5    9                17'                0\n",
       "6    5       однокамерные                0\n",
       "7    3  Стиральные машины                0\n",
       "8   10                19'                0\n",
       "9    6       двухкамерные                0\n",
       "10   7         Телевизоры                0"
      ]
     },
     "execution_count": 23,
     "metadata": {},
     "output_type": "execute_result"
    }
   ],
   "source": [
    "task_2_2_query = \"\"\"\n",
    "SELECT \n",
    "    c1.id,\n",
    "    c1.name,\n",
    "    COUNT(c2.id) AS num_of_children\n",
    "FROM Catalogue c1\n",
    "LEFT JOIN Catalogue c2\n",
    "          ON c2.path <@ c1.path\n",
    "          AND nlevel(c2.path) = nlevel(c1.path) + 1\n",
    "GROUP BY c1.id, c1.name\n",
    "ORDER BY num_of_children DESC;\n",
    "\"\"\"\n",
    "\n",
    "df = pd.read_sql(task_2_2_query, engine)\n",
    "df"
   ]
  },
  {
   "cell_type": "markdown",
   "id": "0cee6c0e",
   "metadata": {},
   "source": [
    "### Задание 2.3.1.\n",
    "Требуется написать VIEW для вывода топ-5 самых покупаемых товаров по количеству штук в заказах.\n",
    "\n",
    "Для отчёта названия атрибутов итоговой таблицы приведены на русском.\n",
    "Категорию 1-го уровня для данного товара с помощью ltree получить достаточно просто: необходимо разделить всю строку по знаку '.' и взять первый элемент массива как наименование корневой категории.\n",
    "Однако, поскольку изначально в path для краткости хранится последовательность ID, надо предварительно выделить из неё конкретное наименование категории.\n",
    "\n",
    "Поскольку требуется выделить топ-5 элементов, в данном запросе для оптимизации используется ограничение *LIMIT 5*. Однако если на одном из мест будет несколько претендентов, всё равно выводятся только 5 позиций, что может быть нежелательно в некоторых случаях."
   ]
  },
  {
   "cell_type": "code",
   "execution_count": 5,
   "id": "c5328e6a",
   "metadata": {},
   "outputs": [],
   "source": [
    "# Для выделения названия категории пришлось добавить новый JOIN\n",
    "# Так как на уровне проектирования индексы добавлены не были,\n",
    "# выполнение данного VIEW на высоконагруженной системе может сильно замедлить работу БД\n",
    "\n",
    "view_task_query = \"\"\"\n",
    "CREATE OR REPLACE VIEW top5_purchased_goods AS\n",
    "SELECT \n",
    "    g.name AS Наименование_товара,\n",
    "    root_catalogue.name AS Категория_1_го_уровня,\n",
    "    SUM(og.amount) AS Общее_количество_проданных_штук\n",
    "FROM Goods g\n",
    "JOIN Ordered_goods og ON g.id = og.good_id\n",
    "JOIN Catalogue c ON g.catalogue_id = c.id\n",
    "JOIN Catalogue root_catalogue ON root_catalogue.id = (split_part(c.path::text, '.', 1))::integer\n",
    "GROUP BY g.id, g.name, root_catalogue.name\n",
    "ORDER BY Общее_количество_проданных_штук DESC\n",
    "LIMIT 5;\n",
    "\"\"\""
   ]
  },
  {
   "cell_type": "markdown",
   "id": "3ed60e5b",
   "metadata": {},
   "source": [
    "Устранить данный недостаток можно, используя оконную функцию *DENSE RANK()* (функция *RANK* может быть нежелательна, так как разрывает порядок ранжирования), однако это несколько усложнит и затормозит VIEW-запрос, в связи с чем его следует применять только при явном объявлении об этом в бизнес-требованиях или ТЗ."
   ]
  },
  {
   "cell_type": "code",
   "execution_count": null,
   "id": "8ee3b1c2",
   "metadata": {},
   "outputs": [],
   "source": [
    "extended_view_task_query = \"\"\"\n",
    "CREATE OR REPLACE VIEW top5_purchased_goods AS\n",
    "WITH goods_sales AS (\n",
    "    SELECT \n",
    "        g.id AS goods_id,\n",
    "        g.name AS goods_name,\n",
    "        (split_part(c.path::text, '.', 1))::integer AS root_category_id,\n",
    "        SUM(og.amount) AS total_sold\n",
    "    FROM Goods g\n",
    "    LEFT JOIN Ordered_goods og ON g.id = og.good_id\n",
    "    LEFT JOIN Catalogue c ON g.catalogue_id = c.id\n",
    "    GROUP BY g.id, g.name, c.path\n",
    "),\n",
    "top5 AS (\n",
    "    SELECT \n",
    "        goods_id,\n",
    "        goods_name,\n",
    "        root_category_id,\n",
    "        total_sold,\n",
    "        DENSE_RANK() OVER (ORDER BY total_sold DESC) AS position\n",
    "    FROM goods_sales\n",
    ")\n",
    "SELECT \n",
    "    t5.goods_name AS Наименование_товара,\n",
    "    cat.name AS Категория_1_го_уровня,\n",
    "    t5.total_sold AS Общее_количество_проданных_штук\n",
    "FROM top5 t5\n",
    "LEFT JOIN Catalogue cat ON t5.root_category_id = cat.id\n",
    "WHERE t5.position <= 5\n",
    "ORDER BY t5.total_sold DESC, t5.goods_name;\n",
    "\"\"\""
   ]
  },
  {
   "cell_type": "markdown",
   "id": "73ee44f1",
   "metadata": {},
   "source": [
    "Соответственно, поскольку в ТЗ явно не прописано использование более сложной версии, в дальнейшем предполаегется использование варианта с применением *LIMIT 5*."
   ]
  },
  {
   "cell_type": "code",
   "execution_count": 16,
   "id": "99ecbad9",
   "metadata": {},
   "outputs": [
    {
     "data": {
      "text/html": [
       "<div>\n",
       "<style scoped>\n",
       "    .dataframe tbody tr th:only-of-type {\n",
       "        vertical-align: middle;\n",
       "    }\n",
       "\n",
       "    .dataframe tbody tr th {\n",
       "        vertical-align: top;\n",
       "    }\n",
       "\n",
       "    .dataframe thead th {\n",
       "        text-align: right;\n",
       "    }\n",
       "</style>\n",
       "<table border=\"1\" class=\"dataframe\">\n",
       "  <thead>\n",
       "    <tr style=\"text-align: right;\">\n",
       "      <th></th>\n",
       "      <th>Наименование_товара</th>\n",
       "      <th>Категория_1_го_уровня</th>\n",
       "      <th>Общее_количество_проданных_штук</th>\n",
       "    </tr>\n",
       "  </thead>\n",
       "  <tbody>\n",
       "    <tr>\n",
       "      <th>0</th>\n",
       "      <td>Ноутбук Lenovo 17\"</td>\n",
       "      <td>Компьютеры</td>\n",
       "      <td>16</td>\n",
       "    </tr>\n",
       "    <tr>\n",
       "      <th>1</th>\n",
       "      <td>Телевизор LG</td>\n",
       "      <td>Бытовая техника</td>\n",
       "      <td>15</td>\n",
       "    </tr>\n",
       "    <tr>\n",
       "      <th>2</th>\n",
       "      <td>Телевизор Sony</td>\n",
       "      <td>Бытовая техника</td>\n",
       "      <td>14</td>\n",
       "    </tr>\n",
       "    <tr>\n",
       "      <th>3</th>\n",
       "      <td>Ноутбук Dell 17\"</td>\n",
       "      <td>Компьютеры</td>\n",
       "      <td>14</td>\n",
       "    </tr>\n",
       "    <tr>\n",
       "      <th>4</th>\n",
       "      <td>Холодильник Samsung</td>\n",
       "      <td>Бытовая техника</td>\n",
       "      <td>13</td>\n",
       "    </tr>\n",
       "  </tbody>\n",
       "</table>\n",
       "</div>"
      ],
      "text/plain": [
       "   Наименование_товара Категория_1_го_уровня  Общее_количество_проданных_штук\n",
       "0   Ноутбук Lenovo 17\"            Компьютеры                               16\n",
       "1         Телевизор LG       Бытовая техника                               15\n",
       "2       Телевизор Sony       Бытовая техника                               14\n",
       "3     Ноутбук Dell 17\"            Компьютеры                               14\n",
       "4  Холодильник Samsung       Бытовая техника                               13"
      ]
     },
     "execution_count": 16,
     "metadata": {},
     "output_type": "execute_result"
    }
   ],
   "source": [
    "from sqlalchemy import text\n",
    "\n",
    "db_connection.execute(text(view_task_query))\n",
    "db_connection.commit()\n",
    "\n",
    "df = pd.read_sql(\"SELECT * FROM top5_purchased_goods;\", engine)\n",
    "df"
   ]
  },
  {
   "cell_type": "markdown",
   "id": "601d6d31",
   "metadata": {},
   "source": [
    "### Задание 2.3.2.\n",
    "Необходимо проанализировать созданный запрос и саму структуру БД, а также оптимизировать её под увеличивающуюся нагрузку.\n",
    "\n",
    "Для начала следует определить оптимальность выполнения запроса из задания 2.3.1.\n",
    "\n",
    "*Примечание.* Вне Jupyter Notebook для *EXPLAIN ANALYZE* необходимо использовать транзакцию с командой *ROLLBACK*, однако здесь при запросе на получение данных можно обойтись простым исполнением команды. В случае возникновения ошибки запрос *ROLLBACK;* возможно запустить в любом окне с кодом."
   ]
  },
  {
   "cell_type": "code",
   "execution_count": 81,
   "id": "00ba2975",
   "metadata": {},
   "outputs": [
    {
     "data": {
      "text/plain": [
       "[('Subquery Scan on top5_purchased_goods  (cost=52.94..53.01 rows=5 width=644) (actual time=0.231..0.234 rows=5 loops=1)',),\n",
       " ('  ->  Limit  (cost=52.94..52.96 rows=5 width=648) (actual time=0.231..0.233 rows=5 loops=1)',),\n",
       " ('        ->  Sort  (cost=52.94..53.32 rows=150 width=648) (actual time=0.230..0.231 rows=5 loops=1)',),\n",
       " ('              Sort Key: (sum(og.amount)) DESC',),\n",
       " ('              Sort Method: top-N heapsort  Memory: 26kB',),\n",
       " ('              ->  HashAggregate  (cost=48.95..50.45 rows=150 width=648) (actual time=0.220..0.223 rows=15 loops=1)',),\n",
       " ('                    Group Key: g.id, root_catalogue.name',),\n",
       " ('                    Batches: 1  Memory Usage: 40kB',),\n",
       " ('                    ->  Hash Join  (cost=33.20..47.83 rows=150 width=644) (actual time=0.042..0.188 rows=150 loops=1)',),\n",
       " (\"                          Hash Cond: ((split_part((c.path)::text, '.'::text, 1))::integer = root_catalogue.id)\",),\n",
       " ('                          ->  Hash Join  (cost=16.68..30.80 rows=150 width=458) (actual time=0.021..0.110 rows=150 loops=1)',),\n",
       " ('                                Hash Cond: (g.catalogue_id = c.id)',),\n",
       " ('                                ->  Nested Loop  (cost=0.15..13.87 rows=150 width=428) (actual time=0.014..0.080 rows=150 loops=1)',),\n",
       " ('                                      ->  Seq Scan on ordered_goods og  (cost=0.00..2.50 rows=150 width=8) (actual time=0.004..0.010 rows=150 loops=1)',),\n",
       " ('                                      ->  Memoize  (cost=0.15..0.49 rows=1 width=424) (actual time=0.000..0.000 rows=1 loops=150)',),\n",
       " ('                                            Cache Key: og.good_id',),\n",
       " ('                                            Cache Mode: logical',),\n",
       " ('                                            Hits: 135  Misses: 15  Evictions: 0  Overflows: 0  Memory Usage: 3kB',),\n",
       " ('                                            ->  Index Scan using goods_pkey on goods g  (cost=0.14..0.48 rows=1 width=424) (actual time=0.001..0.001 rows=1 loops=15)',),\n",
       " ('                                                  Index Cond: (id = og.good_id)',),\n",
       " ('                                ->  Hash  (cost=12.90..12.90 rows=290 width=34) (actual time=0.004..0.004 rows=11 loops=1)',),\n",
       " ('                                      Buckets: 1024  Batches: 1  Memory Usage: 9kB',),\n",
       " ('                                      ->  Seq Scan on catalogue c  (cost=0.00..12.90 rows=290 width=34) (actual time=0.001..0.002 rows=11 loops=1)',),\n",
       " ('                          ->  Hash  (cost=12.90..12.90 rows=290 width=220) (actual time=0.012..0.012 rows=11 loops=1)',),\n",
       " ('                                Buckets: 1024  Batches: 1  Memory Usage: 9kB',),\n",
       " ('                                ->  Seq Scan on catalogue root_catalogue  (cost=0.00..12.90 rows=290 width=220) (actual time=0.008..0.009 rows=11 loops=1)',),\n",
       " ('Planning Time: 0.305 ms',),\n",
       " ('Execution Time: 0.276 ms',)]"
      ]
     },
     "execution_count": 81,
     "metadata": {},
     "output_type": "execute_result"
    }
   ],
   "source": [
    "analyze_query = \"\"\"\n",
    "EXPLAIN ANALYZE SELECT * FROM top5_purchased_goods;\n",
    "\"\"\"\n",
    "\n",
    "report = db_connection.execute(text(analyze_query)).fetchall()\n",
    "report"
   ]
  },
  {
   "cell_type": "markdown",
   "id": "baf72b55",
   "metadata": {},
   "source": [
    "Также следует выполнить запрос *EXPLAIN BUFFERS* для проверки использования ОЗУ."
   ]
  },
  {
   "cell_type": "code",
   "execution_count": 103,
   "id": "fb5a8ab8",
   "metadata": {},
   "outputs": [
    {
     "data": {
      "text/plain": [
       "[('Subquery Scan on top5_purchased_goods  (cost=52.94..53.01 rows=5 width=644) (actual time=0.239..0.243 rows=5 loops=1)',),\n",
       " ('  Buffers: shared hit=33',),\n",
       " ('  ->  Limit  (cost=52.94..52.96 rows=5 width=648) (actual time=0.239..0.241 rows=5 loops=1)',),\n",
       " ('        Buffers: shared hit=33',),\n",
       " ('        ->  Sort  (cost=52.94..53.32 rows=150 width=648) (actual time=0.238..0.240 rows=5 loops=1)',),\n",
       " ('              Sort Key: (sum(og.amount)) DESC',),\n",
       " ('              Sort Method: top-N heapsort  Memory: 26kB',),\n",
       " ('              Buffers: shared hit=33',),\n",
       " ('              ->  HashAggregate  (cost=48.95..50.45 rows=150 width=648) (actual time=0.228..0.232 rows=15 loops=1)',),\n",
       " ('                    Group Key: g.id, root_catalogue.name',),\n",
       " ('                    Batches: 1  Memory Usage: 40kB',),\n",
       " ('                    Buffers: shared hit=33',),\n",
       " ('                    ->  Hash Join  (cost=33.20..47.83 rows=150 width=644) (actual time=0.044..0.196 rows=150 loops=1)',),\n",
       " (\"                          Hash Cond: ((split_part((c.path)::text, '.'::text, 1))::integer = root_catalogue.id)\",),\n",
       " ('                          Buffers: shared hit=33',),\n",
       " ('                          ->  Hash Join  (cost=16.68..30.80 rows=150 width=458) (actual time=0.023..0.115 rows=150 loops=1)',),\n",
       " ('                                Hash Cond: (g.catalogue_id = c.id)',),\n",
       " ('                                Buffers: shared hit=32',),\n",
       " ('                                ->  Nested Loop  (cost=0.15..13.87 rows=150 width=428) (actual time=0.015..0.083 rows=150 loops=1)',),\n",
       " ('                                      Buffers: shared hit=31',),\n",
       " ('                                      ->  Seq Scan on ordered_goods og  (cost=0.00..2.50 rows=150 width=8) (actual time=0.005..0.013 rows=150 loops=1)',),\n",
       " ('                                            Buffers: shared hit=1',),\n",
       " ('                                      ->  Memoize  (cost=0.15..0.49 rows=1 width=424) (actual time=0.000..0.000 rows=1 loops=150)',),\n",
       " ('                                            Cache Key: og.good_id',),\n",
       " ('                                            Cache Mode: logical',),\n",
       " ('                                            Hits: 135  Misses: 15  Evictions: 0  Overflows: 0  Memory Usage: 3kB',),\n",
       " ('                                            Buffers: shared hit=30',),\n",
       " ('                                            ->  Index Scan using goods_pkey on goods g  (cost=0.14..0.48 rows=1 width=424) (actual time=0.001..0.001 rows=1 loops=15)',),\n",
       " ('                                                  Index Cond: (id = og.good_id)',),\n",
       " ('                                                  Buffers: shared hit=30',),\n",
       " ('                                ->  Hash  (cost=12.90..12.90 rows=290 width=34) (actual time=0.004..0.004 rows=11 loops=1)',),\n",
       " ('                                      Buckets: 1024  Batches: 1  Memory Usage: 9kB',),\n",
       " ('                                      Buffers: shared hit=1',),\n",
       " ('                                      ->  Seq Scan on catalogue c  (cost=0.00..12.90 rows=290 width=34) (actual time=0.001..0.002 rows=11 loops=1)',),\n",
       " ('                                            Buffers: shared hit=1',),\n",
       " ('                          ->  Hash  (cost=12.90..12.90 rows=290 width=220) (actual time=0.012..0.012 rows=11 loops=1)',),\n",
       " ('                                Buckets: 1024  Batches: 1  Memory Usage: 9kB',),\n",
       " ('                                Buffers: shared hit=1',),\n",
       " ('                                ->  Seq Scan on catalogue root_catalogue  (cost=0.00..12.90 rows=290 width=220) (actual time=0.008..0.009 rows=11 loops=1)',),\n",
       " ('                                      Buffers: shared hit=1',),\n",
       " ('Planning:',),\n",
       " ('  Buffers: shared hit=2',),\n",
       " ('Planning Time: 0.274 ms',),\n",
       " ('Execution Time: 0.285 ms',)]"
      ]
     },
     "execution_count": 103,
     "metadata": {},
     "output_type": "execute_result"
    }
   ],
   "source": [
    "analyze_query = \"\"\"\n",
    "EXPLAIN (ANALYZE,BUFFERS) SELECT * FROM top5_purchased_goods;\n",
    "\"\"\"\n",
    "\n",
    "report = db_connection.execute(text(analyze_query)).fetchall()\n",
    "report"
   ]
  },
  {
   "cell_type": "markdown",
   "id": "2372f437",
   "metadata": {},
   "source": [
    "В результате выполнения двух указанных запросов можно сделать следующие выводы:\n",
    "1. Во время выполнения VIEW-запроса приходится три раза полностью сканировать таблицы: *Seq scan* дважды используется для таблицы *Catalogue* и один раз - для таблицы *Ordered_goods*.\n",
    "2. При этом поиск по таблице *Goods* уже производится по индексу на Primary Key *goods_pkey* через псевдоним g.\n",
    "3. В ходе сравнения первого элемента атрибута path с root_catalogue.id происходит множество операций преобразования. При большом количестве товаров это может привести к лишним вычислениям, хотя при этом они не зависят напрямую от количества заказов.\n",
    "4. Повторное исполнение запроса с BUFFERS не приводит к увеличению числа совпадений, а количество Batches везде равно единице. Следовательно, текущий объём ОЗУ полностью покрывает потребности кэша СУБД.\n",
    "5. Хотя данный отчёт формируется только для учёта статистики за последний месяц, VIEW будет пересчитываться при каждом обращении к нему, из-за чего происходит лишнее выполнение запроса при обращении к нему несколько раз за месяц.\n",
    "\n",
    "Соответственно, для оптимизации хотя бы данного запроса следует выполнить следующие шаги:\n",
    "- Добавить индексы в таблицы *Catalogue* и *Ordered_goods* по соответствующим атрибутам: для *Catalogue* необходимо убедиться в создании индекса для *path*, а в *Ordered_goods* - для всех её FK. Но в целом желательно добавить индексы на всех FK, где они отсутствуют.\n",
    "- По возможности оптимизировать процесс преобразования типов *path* в *id*.\n",
    "- Добавить к данному VIEW идентичный MATERIALIZED VIEW, чтобы запрос не перевычислялся при каждом обращении к нему. При этом изначальный VIEW имеет смысл оставить как есть на случай, если понадобится единоразовая актуальная сводка."
   ]
  },
  {
   "cell_type": "code",
   "execution_count": 40,
   "id": "6dbf9b56",
   "metadata": {},
   "outputs": [],
   "source": [
    "# Добавляем запросы на создание индексов\n",
    "index_queries = [\n",
    "    # Индекс на FK Ordered_goods -> Goods\n",
    "    \"CREATE INDEX IF NOT EXISTS idx_ordered_goods_good_id ON Ordered_goods(good_id);\",\n",
    "    # Индекс на FK Ordered_goods -> Orders\n",
    "    \"CREATE INDEX IF NOT EXISTS idx_ordered_goods_order_id ON Ordered_goods(order_id);\",\n",
    "    # Индекс на FK Goods -> Catalogue\n",
    "    \"CREATE INDEX IF NOT EXISTS idx_goods_catalogue_id ON Goods(catalogue_id);\",\n",
    "    # Индекс по nlevel(path) для проверки усорвия корневого элемента nlevel(path) = 1\n",
    "    \"CREATE INDEX idx_catalogue_nlevel_path ON Catalogue (nlevel(path));\",\n",
    "    # Два различных индекса на path; GIST ускоряет операции со строками, а BTREE - с проверкой равенства\n",
    "    \"CREATE INDEX IF NOT EXISTS idx_catalogue_path_gist ON Catalogue USING GIST (path);\",\n",
    "    \"CREATE INDEX IF NOT EXISTS idx_catalogue_path_btree ON Catalogue USING BTREE (path);\",\n",
    "    # Индекс на FK Orders -> Clients\n",
    "    \"CREATE INDEX IF NOT EXISTS idx_orders_client_id ON Orders(client_id);\"\n",
    "]\n",
    "\n",
    "for index in index_queries:\n",
    "    db_connection.execute(text(index))\n",
    "db_connection.commit()"
   ]
  },
  {
   "cell_type": "code",
   "execution_count": null,
   "id": "7cb41f9c",
   "metadata": {},
   "outputs": [],
   "source": [
    "# Создаём улучшенный MATERIALIZED VIEW\n",
    "mat_view_query = \"\"\"\n",
    "CREATE MATERIALIZED VIEW top5_monthly_purchased_goods AS\n",
    "SELECT \n",
    "    g.name AS Наименование_товара,\n",
    "    root_cat.name AS Категория_1_го_уровня,\n",
    "    SUM(og.amount) AS Общее_количество_проданных_штук\n",
    "FROM Goods g\n",
    "JOIN Ordered_goods og ON g.id = og.good_id\n",
    "JOIN Catalogue c ON g.catalogue_id = c.id\n",
    "JOIN Catalogue root_cat ON c.path <@ root_cat.path\n",
    "WHERE nlevel(root_cat.path) = 1\n",
    "GROUP BY g.id, g.name, root_cat.name\n",
    "ORDER BY Общее_количество_проданных_штук DESC\n",
    "LIMIT 5;\n",
    "\"\"\"\n",
    "\n",
    "# Инициализируем MAT. VIEW для дальнейшего использования\n",
    "# db_connection.execute(text(\"DROP MATERIALIZED VIEW top5_monthly_purchased_goods;\")) # На случай пересоздания MV\n",
    "db_connection.execute(text(mat_view_query))\n",
    "db_connection.commit()"
   ]
  },
  {
   "cell_type": "code",
   "execution_count": null,
   "id": "6d9d2c88",
   "metadata": {},
   "outputs": [
    {
     "data": {
      "text/html": [
       "<div>\n",
       "<style scoped>\n",
       "    .dataframe tbody tr th:only-of-type {\n",
       "        vertical-align: middle;\n",
       "    }\n",
       "\n",
       "    .dataframe tbody tr th {\n",
       "        vertical-align: top;\n",
       "    }\n",
       "\n",
       "    .dataframe thead th {\n",
       "        text-align: right;\n",
       "    }\n",
       "</style>\n",
       "<table border=\"1\" class=\"dataframe\">\n",
       "  <thead>\n",
       "    <tr style=\"text-align: right;\">\n",
       "      <th></th>\n",
       "      <th>Наименование_товара</th>\n",
       "      <th>Категория_1_го_уровня</th>\n",
       "      <th>Общее_количество_проданных_штук</th>\n",
       "    </tr>\n",
       "  </thead>\n",
       "  <tbody>\n",
       "    <tr>\n",
       "      <th>0</th>\n",
       "      <td>Ноутбук Lenovo 17\"</td>\n",
       "      <td>Компьютеры</td>\n",
       "      <td>16</td>\n",
       "    </tr>\n",
       "    <tr>\n",
       "      <th>1</th>\n",
       "      <td>Телевизор LG</td>\n",
       "      <td>Бытовая техника</td>\n",
       "      <td>15</td>\n",
       "    </tr>\n",
       "    <tr>\n",
       "      <th>2</th>\n",
       "      <td>Телевизор Sony</td>\n",
       "      <td>Бытовая техника</td>\n",
       "      <td>14</td>\n",
       "    </tr>\n",
       "    <tr>\n",
       "      <th>3</th>\n",
       "      <td>Ноутбук Dell 17\"</td>\n",
       "      <td>Компьютеры</td>\n",
       "      <td>14</td>\n",
       "    </tr>\n",
       "    <tr>\n",
       "      <th>4</th>\n",
       "      <td>Холодильник Samsung</td>\n",
       "      <td>Бытовая техника</td>\n",
       "      <td>13</td>\n",
       "    </tr>\n",
       "  </tbody>\n",
       "</table>\n",
       "</div>"
      ],
      "text/plain": [
       "   Наименование_товара Категория_1_го_уровня  Общее_количество_проданных_штук\n",
       "0   Ноутбук Lenovo 17\"            Компьютеры                               16\n",
       "1         Телевизор LG       Бытовая техника                               15\n",
       "2       Телевизор Sony       Бытовая техника                               14\n",
       "3     Ноутбук Dell 17\"            Компьютеры                               14\n",
       "4  Холодильник Samsung       Бытовая техника                               13"
      ]
     },
     "execution_count": 27,
     "metadata": {},
     "output_type": "execute_result"
    }
   ],
   "source": [
    "# В рамках тестирования можно обновлять MAT. VIEW перед использованием\n",
    "db_connection.execute(text(\"REFRESH MATERIALIZED VIEW top5_monthly_purchased_goods;\"))\n",
    "db_connection.commit()\n",
    "\n",
    "df = pd.read_sql(\"SELECT * FROM top5_monthly_purchased_goods;\", engine)\n",
    "df"
   ]
  },
  {
   "cell_type": "code",
   "execution_count": null,
   "id": "3ec5f500",
   "metadata": {},
   "outputs": [
    {
     "data": {
      "text/plain": [
       "[('Seq Scan on top5_monthly_purchased_goods  (cost=0.00..11.20 rows=120 width=644) (actual time=0.006..0.007 rows=5 loops=1)',),\n",
       " ('  Buffers: shared hit=1',),\n",
       " ('Planning Time: 0.027 ms',),\n",
       " ('Execution Time: 0.015 ms',)]"
      ]
     },
     "execution_count": 34,
     "metadata": {},
     "output_type": "execute_result"
    }
   ],
   "source": [
    "# Анализ выполнения MATERIALIZED VIEW\n",
    "analyze_query = \"\"\"\n",
    "EXPLAIN (ANALYZE,BUFFERS) SELECT * FROM top5_monthly_purchased_goods;\n",
    "\"\"\"\n",
    "\n",
    "report = db_connection.execute(text(analyze_query)).fetchall()\n",
    "report"
   ]
  },
  {
   "cell_type": "code",
   "execution_count": 46,
   "id": "8ae3e362",
   "metadata": {},
   "outputs": [
    {
     "data": {
      "text/plain": [
       "[('Limit  (cost=4.95..4.95 rows=2 width=648) (actual time=0.143..0.144 rows=5 loops=1)',),\n",
       " ('  Buffers: shared hit=52',),\n",
       " ('  ->  Sort  (cost=4.95..4.95 rows=2 width=648) (actual time=0.142..0.143 rows=5 loops=1)',),\n",
       " ('        Sort Key: (sum(og.amount)) DESC',),\n",
       " ('        Sort Method: top-N heapsort  Memory: 26kB',),\n",
       " ('        Buffers: shared hit=52',),\n",
       " ('        ->  GroupAggregate  (cost=4.90..4.94 rows=2 width=648) (actual time=0.112..0.136 rows=15 loops=1)',),\n",
       " ('              Group Key: g.id, root_cat.name',),\n",
       " ('              Buffers: shared hit=52',),\n",
       " ('              ->  Sort  (cost=4.90..4.90 rows=2 width=644) (actual time=0.108..0.114 rows=150 loops=1)',),\n",
       " ('                    Sort Key: g.id, root_cat.name',),\n",
       " ('                    Sort Method: quicksort  Memory: 37kB',),\n",
       " ('                    Buffers: shared hit=52',),\n",
       " ('                    ->  Nested Loop  (cost=0.28..4.89 rows=2 width=644) (actual time=0.022..0.077 rows=150 loops=1)',),\n",
       " ('                          Buffers: shared hit=52',),\n",
       " ('                          ->  Nested Loop  (cost=0.14..3.67 rows=1 width=640) (actual time=0.019..0.036 rows=15 loops=1)',),\n",
       " ('                                Buffers: shared hit=22',),\n",
       " ('                                ->  Nested Loop  (cost=0.00..2.41 rows=1 width=220) (actual time=0.011..0.019 rows=11 loops=1)',),\n",
       " ('                                      Join Filter: (c.path <@ root_cat.path)',),\n",
       " ('                                      Rows Removed by Join Filter: 11',),\n",
       " ('                                      Buffers: shared hit=3',),\n",
       " ('                                      ->  Seq Scan on catalogue root_cat  (cost=0.00..1.17 rows=1 width=250) (actual time=0.008..0.010 rows=2 loops=1)',),\n",
       " ('                                            Filter: (nlevel(path) = 1)',),\n",
       " ('                                            Rows Removed by Filter: 9',),\n",
       " ('                                            Buffers: shared hit=1',),\n",
       " ('                                      ->  Seq Scan on catalogue c  (cost=0.00..1.11 rows=11 width=34) (actual time=0.001..0.002 rows=11 loops=2)',),\n",
       " ('                                            Buffers: shared hit=2',),\n",
       " ('                                ->  Index Scan using idx_goods_catalogue_id on goods g  (cost=0.14..1.24 rows=1 width=424) (actual time=0.001..0.001 rows=1 loops=11)',),\n",
       " ('                                      Index Cond: (catalogue_id = c.id)',),\n",
       " ('                                      Buffers: shared hit=19',),\n",
       " ('                          ->  Index Scan using idx_ordered_goods_good_id on ordered_goods og  (cost=0.14..1.12 rows=10 width=8) (actual time=0.001..0.002 rows=10 loops=15)',),\n",
       " ('                                Index Cond: (good_id = g.id)',),\n",
       " ('                                Buffers: shared hit=30',),\n",
       " ('Planning:',),\n",
       " ('  Buffers: shared hit=2',),\n",
       " ('Planning Time: 0.274 ms',),\n",
       " ('Execution Time: 0.171 ms',)]"
      ]
     },
     "execution_count": 46,
     "metadata": {},
     "output_type": "execute_result"
    }
   ],
   "source": [
    "# Анализ выполнения самого запроса\n",
    "analyze_query = \"\"\"\n",
    "EXPLAIN (ANALYZE,BUFFERS) SELECT \n",
    "    g.name AS Наименование_товара,\n",
    "    root_cat.name AS Категория_1_го_уровня,\n",
    "    SUM(og.amount) AS Общее_количество_проданных_штук\n",
    "FROM Goods g\n",
    "JOIN Ordered_goods og ON g.id = og.good_id\n",
    "JOIN Catalogue c ON g.catalogue_id = c.id\n",
    "JOIN Catalogue root_cat ON c.path <@ root_cat.path\n",
    "WHERE nlevel(root_cat.path) = 1\n",
    "GROUP BY g.id, g.name, root_cat.name\n",
    "ORDER BY Общее_количество_проданных_штук DESC\n",
    "LIMIT 5;\n",
    "\"\"\"\n",
    "\n",
    "report = db_connection.execute(text(analyze_query)).fetchall()\n",
    "report"
   ]
  },
  {
   "cell_type": "code",
   "execution_count": 45,
   "id": "0b26201a",
   "metadata": {},
   "outputs": [
    {
     "data": {
      "text/plain": [
       "[('Limit  (cost=18.85..18.85 rows=2 width=648) (actual time=0.144..0.146 rows=5 loops=1)',),\n",
       " ('  Buffers: shared hit=55',),\n",
       " ('  ->  Sort  (cost=18.85..18.85 rows=2 width=648) (actual time=0.143..0.145 rows=5 loops=1)',),\n",
       " ('        Sort Key: (sum(og.amount)) DESC',),\n",
       " ('        Sort Method: top-N heapsort  Memory: 26kB',),\n",
       " ('        Buffers: shared hit=55',),\n",
       " ('        ->  GroupAggregate  (cost=18.80..18.84 rows=2 width=648) (actual time=0.114..0.138 rows=15 loops=1)',),\n",
       " ('              Group Key: g.id, root_cat.name',),\n",
       " ('              Buffers: shared hit=55',),\n",
       " ('              ->  Sort  (cost=18.80..18.80 rows=2 width=644) (actual time=0.109..0.116 rows=150 loops=1)',),\n",
       " ('                    Sort Key: g.id, root_cat.name',),\n",
       " ('                    Sort Method: quicksort  Memory: 37kB',),\n",
       " ('                    Buffers: shared hit=55',),\n",
       " ('                    ->  Nested Loop  (cost=0.55..18.79 rows=2 width=644) (actual time=0.024..0.078 rows=150 loops=1)',),\n",
       " ('                          Buffers: shared hit=55',),\n",
       " ('                          ->  Nested Loop  (cost=0.40..17.57 rows=1 width=640) (actual time=0.021..0.036 rows=15 loops=1)',),\n",
       " ('                                Buffers: shared hit=25',),\n",
       " ('                                ->  Nested Loop  (cost=0.27..16.31 rows=1 width=220) (actual time=0.015..0.021 rows=11 loops=1)',),\n",
       " ('                                      Buffers: shared hit=6',),\n",
       " ('                                      ->  Index Scan using idx_catalogue_nlevel_path on catalogue root_cat  (cost=0.14..8.15 rows=1 width=250) (actual time=0.006..0.006 rows=2 loops=1)',),\n",
       " ('                                            Index Cond: (nlevel(path) = 1)',),\n",
       " ('                                            Buffers: shared hit=2',),\n",
       " ('                                      ->  Index Scan using idx_catalogue_path_gist on catalogue c  (cost=0.13..8.15 rows=1 width=34) (actual time=0.004..0.005 rows=6 loops=2)',),\n",
       " ('                                            Index Cond: (path <@ root_cat.path)',),\n",
       " ('                                            Buffers: shared hit=4',),\n",
       " ('                                ->  Index Scan using idx_goods_catalogue_id on goods g  (cost=0.14..1.24 rows=1 width=424) (actual time=0.001..0.001 rows=1 loops=11)',),\n",
       " ('                                      Index Cond: (catalogue_id = c.id)',),\n",
       " ('                                      Buffers: shared hit=19',),\n",
       " ('                          ->  Index Scan using idx_ordered_goods_good_id on ordered_goods og  (cost=0.14..1.12 rows=10 width=8) (actual time=0.001..0.002 rows=10 loops=15)',),\n",
       " ('                                Index Cond: (good_id = g.id)',),\n",
       " ('                                Buffers: shared hit=30',),\n",
       " ('Planning:',),\n",
       " ('  Buffers: shared hit=2',),\n",
       " ('Planning Time: 0.227 ms',),\n",
       " ('Execution Time: 0.174 ms',)]"
      ]
     },
     "execution_count": 45,
     "metadata": {},
     "output_type": "execute_result"
    }
   ],
   "source": [
    "# Проверка выполнения запроса без Seq Scan\n",
    "db_connection.execute(text(\"SET enable_seqscan TO off;\"))\n",
    "db_connection.commit()\n",
    "\n",
    "report = db_connection.execute(text(analyze_query)).fetchall()\n",
    "db_connection.execute(text(\"SET enable_seqscan TO on;\"))\n",
    "db_connection.commit()\n",
    "\n",
    "report"
   ]
  },
  {
   "cell_type": "markdown",
   "id": "ffd826c7",
   "metadata": {},
   "source": [
    "Из анализа запросов видно, что индексы настроены так, как надо и могут быть использованы планировщиком. Однако, в связи с малым количеством тестовых данных, PostgreSQL предпочитает Seq Scan вместо Index Scan, так как он при такой выборке работает слегка быстрее.\n",
    "\n",
    "Анализ MATERIALIZE VIEW показывает, что при обращении к заранее сформированному отчёту скорость выполнения запроса может быть в 10 раз больше, чем при постоянном использовани одного лишь VIEW-запроса. Однако его требуется ежемесячно обновлять, для чего понадобится установить отдельную службу в cron, Apache Airflow или любой другой платформе. Запрос *REFRESH* приведён выше, рядом со скриптом запуска *SELECT * FROM top5_monthly_...*"
   ]
  },
  {
   "cell_type": "markdown",
   "id": "988df1b5",
   "metadata": {},
   "source": [
    "### Оптимизация БД под высокие нагрузки\n",
    "Хотя часть запросов стала выполняться лучше, данной архитектуры недостаточно для обеспечения выполнения запросов с потоком в 1000 заказов в день. Поэтому необходимо ввести некоторые изменения в таблицы *Orders* и *Ordered_Goods*:\n",
    "\n",
    "В других СУБД имело бы смысл создание staging-таблиц и замена партиций на заполненную к концу дня staging-таблицу.\n",
    "Однако в PostgreSQL более целесообразно применять партиционирование по хэш-значению. Если ввести партиционирование по дате заказов (условно, добавить новый атрибут), то тогда пришлось бы гарантировать уникальность именно атрибута date, а не составного ключа (id, date), что не имеет смысла в случае 1000 заказов в день.\n",
    "\n",
    "Таблица *Ordered_goods* будет слишком перегружена, чтобы её разделять по дате, в связи с чем самым эффективным способом партиционирования двух данных таблиц является хэш-партиционирование. Для генерации партиций на основе новых таблиц можно создать собственные функции, которые будут автоматически распределять партиции по остаткам деления, либо использовать pg_partman.\n",
    "\n",
    "*Примечание.* Поскольку в ТЗ это явно не описывалось, на этапе проектирования в таблицу *Ordered_goods* не была внесена информация о стоимости товара на момент покупки и дате заказа. В идеальном случае эту возможность следовало бы уточнить у заказчика или аналитика, чтобы при изменении стоимости товара не приходилось менять уже рабочую БД."
   ]
  },
  {
   "cell_type": "code",
   "execution_count": null,
   "id": "9633f810",
   "metadata": {},
   "outputs": [],
   "source": [
    "# Далее приведены SQL-запросы, определяющие новые таблицы\n",
    "\"\"\"\n",
    "CREATE TABLE Ordered_goods (\n",
    "    order_id BIGINT  NOT NULL REFERENCES Orders(id) ON DELETE CASCADE,\n",
    "    good_id  INTEGER NOT NULL REFERENCES Goods(id) ON DELETE CASCADE,\n",
    "    amount   INTEGER CHECK (amount > 0),\n",
    "    PRIMARY KEY (order_id, good_id)\n",
    ") PARTITION BY HASH (order_id, good_id);\n",
    "\n",
    "\n",
    "CREATE OR REPLACE FUNCTION create_hash_partitions()\n",
    "RETURNS void AS $$\n",
    "DECLARE\n",
    "    i INT;\n",
    "    partition_name TEXT;\n",
    "    create_partition_query TEXT;\n",
    "BEGIN\n",
    "    FOR i IN 0..999 LOOP\n",
    "        partition_name := 'ordered_goods_part_' || lpad(i::text, 4, '0');\n",
    "        \n",
    "        create_partition_query := \n",
    "            'CREATE TABLE ' || partition_name || \n",
    "            ' PARTITION OF Ordered_goods FOR VALUES WITH (MODULUS 1000, REMAINDER ' || i || ')';\n",
    "        \n",
    "        EXECUTE create_partition_query;\n",
    "    END LOOP;\n",
    "END;\n",
    "$$ LANGUAGE plpgsql;\n",
    "\n",
    "\n",
    "CREATE TABLE Orders (\n",
    "    id        BIGSERIAL PRIMARY KEY,\n",
    "    client_id INTEGER NOT NULL REFERENCES Clients(id) ON DELETE CASCADE\n",
    ") PARTITION BY HASH (id);\n",
    "\n",
    "\n",
    "CREATE OR REPLACE FUNCTION create_orders_partitions()\n",
    "RETURNS void AS $$\n",
    "DECLARE\n",
    "    i INTEGER;\n",
    "    partition_name TEXT;\n",
    "    sql TEXT;\n",
    "BEGIN\n",
    "    -- Создаем 100 партиций с использованием хэш-партиционирования\n",
    "    FOR i IN 0..99 LOOP\n",
    "        partition_name := 'orders_part_' || lpad(i::text, 3, '0');\n",
    "        \n",
    "        -- Формируем SQL запрос для создания партиции\n",
    "        sql := format(\n",
    "            'CREATE TABLE IF NOT EXISTS %I PARTITION OF Orders FOR VALUES WITH (MODULUS 100, REMAINDER %s)',\n",
    "            partition_name, i\n",
    "        );\n",
    "        \n",
    "        -- Выполняем создание партиции\n",
    "        EXECUTE sql;\n",
    "        \n",
    "        -- Добавляем комментарий к партиции для удобства\n",
    "        EXECUTE format('COMMENT ON TABLE %I IS %L', \n",
    "                      partition_name, \n",
    "                      'Partition of Orders table for hash remainder ' || i);\n",
    "    END LOOP;\n",
    "    \n",
    "    RAISE NOTICE '100 partitions for Orders table created successfully';\n",
    "END;\n",
    "$$ LANGUAGE plpgsql;\n",
    "\"\"\""
   ]
  },
  {
   "cell_type": "markdown",
   "id": "86c1e5ae",
   "metadata": {},
   "source": [
    "Dumpfile изменённой БД приведён в той же директории, что и данная документация. Поскольку схема координально не изменялась, её ER-диаграмма осталась такой же."
   ]
  },
  {
   "cell_type": "code",
   "execution_count": 100,
   "id": "b8f64cb3",
   "metadata": {},
   "outputs": [],
   "source": [
    "# Завершаем сеанс\n",
    "db_connection.close()\n",
    "engine.dispose()"
   ]
  }
 ],
 "metadata": {
  "kernelspec": {
   "display_name": ".venv (3.12.3)",
   "language": "python",
   "name": "python3"
  },
  "language_info": {
   "codemirror_mode": {
    "name": "ipython",
    "version": 3
   },
   "file_extension": ".py",
   "mimetype": "text/x-python",
   "name": "python",
   "nbconvert_exporter": "python",
   "pygments_lexer": "ipython3",
   "version": "3.12.3"
  }
 },
 "nbformat": 4,
 "nbformat_minor": 5
}
